<?xml version="1.0" encoding="utf-8" standalone="no"?>
<!--This file represents the results of running a test suite-->
<test-results name="C:\Users\Tasos\Documents\Visual Studio 2008\Projects\PokemonTest\PokemonTest\PokemonTest.csproj" total="0" errors="0" failures="0" not-run="0" inconclusive="0" ignored="0" skipped="0" invalid="0" date="2014-01-22" time="14:33:25">
  <environment nunit-version="2.6.3.13283" clr-version="2.0.50727.5466" os-version="Microsoft Windows NT 6.1.7601 Service Pack 1" platform="Win32NT" cwd="C:\Users\Tasos\Documents\Visual Studio 2008\Projects\PokemonTest\PokemonTest" machine-name="TASOS-PC" user="Tasos" user-domain="Tasos-PC" />
  <culture-info current-culture="en-US" current-uiculture="en-US" />
  <test-suite type="Project" name="C:\Users\Tasos\Documents\Visual Studio 2008\Projects\PokemonTest\PokemonTest\PokemonTest.csproj" executed="True" result="Inconclusive" success="False" time="0.019" asserts="0">
    <results>
      <test-suite type="Assembly" name="C:\Users\Tasos\Documents\Visual Studio 2008\Projects\PokemonTest\PokemonTest\bin\Debug\Pokemon - Text Edition.exe" executed="True" result="Inconclusive" success="False" time="0.003" asserts="0" />
    </results>
  </test-suite>
</test-results>